{
  "RSpec": {
    "coverage": {
      "/Users/millstone/Turing/3Module/sweater_weather/app/helpers/application_helper.rb": [
        1,
        null
      ],
      "/Users/millstone/Turing/3Module/sweater_weather/app/models/user.rb": [
        1,
        1,
        1,
        1,
        1,
        1,
        1,
        null,
        1,
        1,
        1,
        null,
        null
      ],
      "/Users/millstone/Turing/3Module/sweater_weather/app/models/application_record.rb": [
        1,
        1,
        null
      ],
      "/Users/millstone/Turing/3Module/sweater_weather/app/controllers/api/v1/favorites_controller.rb": [
        1,
        1,
        1,
        1,
        1,
        1,
        0,
        null,
        0,
        null,
        null,
        null,
        1,
        1,
        2,
        null,
        null
      ],
      "/Users/millstone/Turing/3Module/sweater_weather/app/controllers/application_controller.rb": [
        1,
        null
      ],
      "/Users/millstone/Turing/3Module/sweater_weather/app/models/favorite.rb": [
        1,
        1,
        null
      ],
      "/Users/millstone/Turing/3Module/sweater_weather/spec/factories/favorites.rb": [
        1,
        1,
        null,
        null,
        null
      ],
      "/Users/millstone/Turing/3Module/sweater_weather/spec/factories/users.rb": [
        1,
        1,
        1,
        1,
        1,
        null,
        null
      ]
    },
    "timestamp": 1546830378
  }
}
