{
  "RSpec": {
    "coverage": {
      "/Users/millstone/Turing/3Module/sweater_weather/app/helpers/application_helper.rb": [
        1,
        null
      ],
      "/Users/millstone/Turing/3Module/sweater_weather/app/models/user.rb": [
        1,
        1,
        1,
        null,
        1,
        null,
        1,
        1,
        null,
        1,
        null,
        1,
        1,
        null,
        null,
        null
      ],
      "/Users/millstone/Turing/3Module/sweater_weather/app/models/application_record.rb": [
        1,
        1,
        null
      ],
      "/Users/millstone/Turing/3Module/sweater_weather/spec/requests/api/v1/forecast_spec.rb": [
        1,
        null,
        1,
        1,
        null,
        1,
        null,
        1,
        null,
        null
      ],
      "/Users/millstone/Turing/3Module/sweater_weather/spec/requests/api/v1/new_user_request_spec.rb": [
        1,
        null,
        1,
        1,
        null,
        1,
        null,
        1,
        null,
        1,
        null,
        1,
        1,
        1,
        1,
        null,
        null
      ],
      "/Users/millstone/Turing/3Module/sweater_weather/spec/services/dark_sky_service_spec.rb": [
        1,
        null,
        1,
        1,
        1,
        1,
        1,
        1,
        null,
        null
      ],
      "/Users/millstone/Turing/3Module/sweater_weather/app/controllers/api/v1/forecast_controller.rb": [
        1,
        null,
        null,
        1,
        1,
        null,
        null
      ],
      "/Users/millstone/Turing/3Module/sweater_weather/app/controllers/api_base_controller.rb": [
        1,
        null,
        null
      ],
      "/Users/millstone/Turing/3Module/sweater_weather/app/facades/forecast_facade.rb": [
        1,
        1,
        null,
        null,
        1,
        1,
        1,
        1,
        null,
        null
      ],
      "/Users/millstone/Turing/3Module/sweater_weather/app/services/bing_fetch.rb": [
        1,
        1,
        1,
        null,
        null,
        1,
        1,
        1,
        null,
        null,
        1,
        null,
        null,
        null,
        1,
        1,
        null,
        null,
        1,
        1,
        null,
        null,
        1,
        null,
        null,
        null,
        null,
        null,
        1,
        null,
        null
      ],
      "/Users/millstone/Turing/3Module/sweater_weather/app/services/dark_fetch.rb": [
        1,
        1,
        1,
        1,
        1,
        2,
        2,
        null,
        null,
        1,
        2,
        2,
        null,
        null
      ],
      "/Users/millstone/Turing/3Module/sweater_weather/app/serializers/forecast_serializer.rb": [
        1,
        1,
        1,
        1,
        null
      ],
      "/Users/millstone/Turing/3Module/sweater_weather/app/models/forecast.rb": [
        1,
        1,
        null,
        null,
        null,
        1,
        1,
        1,
        50,
        9,
        null,
        null,
        null
      ],
      "/Users/millstone/Turing/3Module/sweater_weather/app/models/current_weather.rb": [
        1,
        1,
        1,
        1,
        1,
        1,
        1,
        1,
        1,
        1,
        1,
        null,
        null
      ],
      "/Users/millstone/Turing/3Module/sweater_weather/app/models/hourly_weather.rb": [
        1,
        1,
        49,
        49,
        49,
        49,
        49,
        49,
        49,
        49,
        49,
        null,
        null
      ],
      "/Users/millstone/Turing/3Module/sweater_weather/app/models/daily_weather.rb": [
        1,
        1,
        1,
        8,
        8,
        8,
        8,
        8,
        8,
        8,
        8,
        8,
        8,
        8,
        8,
        8,
        8,
        8,
        8,
        8,
        8,
        8,
        8,
        8,
        8,
        8,
        8,
        8,
        8,
        8,
        8,
        8,
        8,
        8,
        8,
        8,
        8,
        8,
        8,
        8,
        8,
        8,
        8,
        null,
        null
      ],
      "/Users/millstone/Turing/3Module/sweater_weather/app/controllers/api/v1/users_controller.rb": [
        1,
        1,
        1,
        1,
        1,
        null,
        0,
        null,
        null,
        null,
        1,
        null,
        1,
        1,
        null,
        null,
        1,
        2,
        null,
        null
      ],
      "/Users/millstone/Turing/3Module/sweater_weather/app/controllers/application_controller.rb": [
        1,
        null
      ],
      "/Users/millstone/Turing/3Module/sweater_weather/app/serializers/user_key_serializer.rb": [
        1,
        1,
        1,
        null
      ]
    },
    "timestamp": 1546584779
  }
}
